2024-05-02 23:44:05,778 [Worker-4: Loading available Gradle versions] INFO  o.e.b.c.i.u.g.PublishedGradleVersions - Gradle version information cache is up-to-date. Trying to read.
2024-05-04 21:45:00,663 [Worker-7: Loading available Gradle versions] INFO  o.e.b.c.i.u.g.PublishedGradleVersions - Gradle version information cache is up-to-date. Trying to read.
2024-05-04 21:58:14,944 [Worker-19: Creating project "PaceHotel_server"] INFO  o.e.m.c.i.l.LifecycleMappingFactory - Using org.eclipse.m2e.jdt.JarLifecycleMapping lifecycle mapping for MavenProject: PaceHotel_server:PaceHotel_server:0.0.1-SNAPSHOT @ D:\TestProjectJava\TestPaceHotel\PaceHotel_server\pom.xml.
2024-05-04 21:58:15,516 [Worker-19: Creating project "PaceHotel_server"] INFO  o.e.m.j.i.AbstractJavaProjectConfigurator - Adding source folder /PaceHotel_server/src/main/java
2024-05-04 21:58:15,518 [Worker-19: Creating project "PaceHotel_server"] INFO  o.e.m.j.i.AbstractJavaProjectConfigurator - Adding resource folder /PaceHotel_server/src/main/resources
2024-05-04 21:58:15,519 [Worker-19: Creating project "PaceHotel_server"] INFO  o.e.m.j.i.AbstractJavaProjectConfigurator - Adding source folder /PaceHotel_server/src/test/java
2024-05-04 21:58:15,519 [Worker-19: Creating project "PaceHotel_server"] INFO  o.e.m.j.i.AbstractJavaProjectConfigurator - Adding resource folder /PaceHotel_server/src/test/resources
2024-05-04 21:58:15,824 [Worker-19: Building] WARN  o.e.m.c.i.embedder.EclipseLogger - Using platform encoding (Cp1252 actually) to copy filtered resources, i.e. build is platform dependent!
2024-05-04 21:58:15,827 [Worker-19: Building] INFO  o.e.m.c.i.embedder.EclipseLogger - Copying 0 resource
2024-05-04 21:58:15,829 [Worker-19: Building] WARN  o.e.m.c.i.embedder.EclipseLogger - Using platform encoding (Cp1252 actually) to copy filtered resources, i.e. build is platform dependent!
2024-05-04 21:58:15,830 [Worker-19: Building] INFO  o.e.m.c.i.embedder.EclipseLogger - Copying 0 resource
2024-05-04 21:58:36,270 [Worker-8: Creating project "PaceHotel_client"] INFO  o.e.m.c.i.l.LifecycleMappingFactory - Using org.eclipse.m2e.jdt.JarLifecycleMapping lifecycle mapping for MavenProject: PaceHotel_client:PaceHotel_client:0.0.1-SNAPSHOT @ D:\TestProjectJava\TestPaceHotel\PaceHotel_client\pom.xml.
2024-05-04 21:58:36,295 [Worker-8: Creating project "PaceHotel_client"] INFO  o.e.m.j.i.AbstractJavaProjectConfigurator - Adding source folder /PaceHotel_client/src/main/java
2024-05-04 21:58:36,295 [Worker-8: Creating project "PaceHotel_client"] INFO  o.e.m.j.i.AbstractJavaProjectConfigurator - Adding resource folder /PaceHotel_client/src/main/resources
2024-05-04 21:58:36,297 [Worker-8: Creating project "PaceHotel_client"] INFO  o.e.m.j.i.AbstractJavaProjectConfigurator - Adding source folder /PaceHotel_client/src/test/java
2024-05-04 21:58:36,297 [Worker-8: Creating project "PaceHotel_client"] INFO  o.e.m.j.i.AbstractJavaProjectConfigurator - Adding resource folder /PaceHotel_client/src/test/resources
2024-05-04 21:58:36,516 [Worker-32: Building] WARN  o.e.m.c.i.embedder.EclipseLogger - Using platform encoding (Cp1252 actually) to copy filtered resources, i.e. build is platform dependent!
2024-05-04 21:58:36,517 [Worker-32: Building] INFO  o.e.m.c.i.embedder.EclipseLogger - Copying 0 resource
2024-05-04 21:58:36,517 [Worker-32: Building] WARN  o.e.m.c.i.embedder.EclipseLogger - Using platform encoding (Cp1252 actually) to copy filtered resources, i.e. build is platform dependent!
2024-05-04 21:58:36,518 [Worker-32: Building] INFO  o.e.m.c.i.embedder.EclipseLogger - Copying 0 resource
2024-05-04 21:59:47,265 [Worker-31: Building] INFO  o.e.m.c.i.l.LifecycleMappingFactory - Using org.eclipse.m2e.jdt.JarLifecycleMapping lifecycle mapping for MavenProject: PaceHotel_server:PaceHotel_server:0.0.1-SNAPSHOT @ D:\TestProjectJava\TestPaceHotel\PaceHotel_server\pom.xml.
2024-05-04 21:59:47,271 [Worker-31: Building] WARN  o.a.m.r.i.DefaultArtifactDescriptorReader - The artifact org.hibernate:hibernate-core:jar:6.4.4.Final has been relocated to org.hibernate.orm:hibernate-core:jar:6.4.4.Final
2024-05-04 21:59:47,420 [Worker-31: Building] WARN  o.e.m.c.i.embedder.EclipseLogger - Using platform encoding (Cp1252 actually) to copy filtered resources, i.e. build is platform dependent!
2024-05-04 21:59:47,422 [Worker-31: Building] INFO  o.e.m.c.i.embedder.EclipseLogger - Copying 0 resource
2024-05-04 21:59:47,423 [Worker-31: Building] WARN  o.e.m.c.i.embedder.EclipseLogger - Using platform encoding (Cp1252 actually) to copy filtered resources, i.e. build is platform dependent!
2024-05-04 21:59:47,424 [Worker-31: Building] INFO  o.e.m.c.i.embedder.EclipseLogger - Copying 0 resource
2024-05-04 22:01:08,535 [Worker-31: Building] WARN  o.a.m.r.i.DefaultArtifactDescriptorReader - The artifact org.hibernate:hibernate-core:jar:6.4.4.Final has been relocated to org.hibernate.orm:hibernate-core:jar:6.4.4.Final
2024-05-04 22:01:08,600 [Worker-31: Building] WARN  o.e.m.c.i.embedder.EclipseLogger - Using platform encoding (Cp1252 actually) to copy filtered resources, i.e. build is platform dependent!
2024-05-04 22:01:08,603 [Worker-31: Building] INFO  o.e.m.c.i.embedder.EclipseLogger - Copying 0 resource
2024-05-04 22:01:08,604 [Worker-31: Building] WARN  o.e.m.c.i.embedder.EclipseLogger - Using platform encoding (Cp1252 actually) to copy filtered resources, i.e. build is platform dependent!
2024-05-04 22:01:08,605 [Worker-31: Building] INFO  o.e.m.c.i.embedder.EclipseLogger - Copying 0 resource
2024-05-04 22:01:33,256 [Worker-32: Building] WARN  o.e.m.c.i.embedder.EclipseLogger - Using platform encoding (Cp1252 actually) to copy filtered resources, i.e. build is platform dependent!
2024-05-04 22:01:33,257 [Worker-32: Building] INFO  o.e.m.c.i.embedder.EclipseLogger - Copying 0 resource
2024-05-04 22:01:33,258 [Worker-32: Building] WARN  o.e.m.c.i.embedder.EclipseLogger - Using platform encoding (Cp1252 actually) to copy filtered resources, i.e. build is platform dependent!
2024-05-04 22:01:33,258 [Worker-32: Building] INFO  o.e.m.c.i.embedder.EclipseLogger - Copying 0 resource
2024-05-04 22:01:38,207 [Worker-31: Building] WARN  o.e.m.c.i.embedder.EclipseLogger - Using platform encoding (Cp1252 actually) to copy filtered resources, i.e. build is platform dependent!
2024-05-04 22:01:38,209 [Worker-31: Building] INFO  o.e.m.c.i.embedder.EclipseLogger - Copying 0 resource
2024-05-04 22:01:38,210 [Worker-31: Building] WARN  o.e.m.c.i.embedder.EclipseLogger - Using platform encoding (Cp1252 actually) to copy filtered resources, i.e. build is platform dependent!
2024-05-04 22:01:38,210 [Worker-31: Building] INFO  o.e.m.c.i.embedder.EclipseLogger - Copying 0 resource
2024-05-04 22:02:00,627 [Worker-19: Building] WARN  o.e.m.c.i.embedder.EclipseLogger - Using platform encoding (Cp1252 actually) to copy filtered resources, i.e. build is platform dependent!
2024-05-04 22:02:00,628 [Worker-19: Building] INFO  o.e.m.c.i.embedder.EclipseLogger - Copying 0 resource
2024-05-04 22:02:00,629 [Worker-19: Building] WARN  o.e.m.c.i.embedder.EclipseLogger - Using platform encoding (Cp1252 actually) to copy filtered resources, i.e. build is platform dependent!
2024-05-04 22:02:00,629 [Worker-19: Building] INFO  o.e.m.c.i.embedder.EclipseLogger - Copying 0 resource
2024-05-04 22:02:12,354 [Worker-19: Building] WARN  o.e.m.c.i.embedder.EclipseLogger - Using platform encoding (Cp1252 actually) to copy filtered resources, i.e. build is platform dependent!
2024-05-04 22:02:12,355 [Worker-19: Building] INFO  o.e.m.c.i.embedder.EclipseLogger - Copying 0 resource
2024-05-04 22:02:12,357 [Worker-19: Building] WARN  o.e.m.c.i.embedder.EclipseLogger - Using platform encoding (Cp1252 actually) to copy filtered resources, i.e. build is platform dependent!
2024-05-04 22:02:12,358 [Worker-19: Building] INFO  o.e.m.c.i.embedder.EclipseLogger - Copying 0 resource
2024-05-04 22:02:41,173 [Worker-33: Building] WARN  o.e.m.c.i.embedder.EclipseLogger - Using platform encoding (Cp1252 actually) to copy filtered resources, i.e. build is platform dependent!
2024-05-04 22:02:41,174 [Worker-33: Building] INFO  o.e.m.c.i.embedder.EclipseLogger - Copying 0 resource
2024-05-04 22:02:41,175 [Worker-33: Building] WARN  o.e.m.c.i.embedder.EclipseLogger - Using platform encoding (Cp1252 actually) to copy filtered resources, i.e. build is platform dependent!
2024-05-04 22:02:41,175 [Worker-33: Building] INFO  o.e.m.c.i.embedder.EclipseLogger - Copying 0 resource
